{
  "stats": {
    "suites": 1,
    "tests": 1,
    "passes": 1,
    "pending": 0,
    "failures": 0,
    "start": "2025-05-12T07:19:27.300Z",
    "end": "2025-05-12T07:20:02.664Z",
    "duration": 35364,
    "testsRegistered": 1,
    "passPercent": 100,
    "pendingPercent": 0,
    "other": 0,
    "hasOther": false,
    "skipped": 0,
    "hasSkipped": false
  },
  "results": [
    {
      "uuid": "246ac90d-bb8b-4e92-8ba5-013169d3a765",
      "title": "",
      "fullFile": "cypress\\e2e\\testCases\\login.cy.js",
      "file": "cypress\\e2e\\testCases\\login.cy.js",
      "beforeHooks": [],
      "afterHooks": [],
      "tests": [],
      "suites": [
        {
          "uuid": "c6157004-e0fb-4b4f-a7d1-3acaab497c64",
          "title": "All Login Tests",
          "fullFile": "",
          "file": "",
          "beforeHooks": [],
          "afterHooks": [],
          "tests": [
            {
              "title": "Scenario No. 2.2 >> Successful Login with Correct Credentials",
              "fullTitle": "All Login Tests Scenario No. 2.2 >> Successful Login with Correct Credentials",
              "timedOut": null,
              "duration": 26558,
              "state": "passed",
              "speed": "slow",
              "pass": true,
              "fail": false,
              "pending": false,
              "context": null,
              "code": "keywordLogin.goToLoginPage();\nkeywordLogin.fillOutEmailLogin('mentordabest@email.com');\nkeywordLogin.fillOutPasswordLogin('Abc12345');\nkeywordLogin.clickSignInButton();\nkeywordLogin.verifySuccessLogin();\nkeywordRegister.verifyBecomeMentorButton();",
              "err": {},
              "uuid": "21c1c83c-b7c6-4a35-9302-a15299e7c7e8",
              "parentUUID": "c6157004-e0fb-4b4f-a7d1-3acaab497c64",
              "isHook": false,
              "skipped": false
            }
          ],
          "suites": [],
          "passes": [
            "21c1c83c-b7c6-4a35-9302-a15299e7c7e8"
          ],
          "failures": [],
          "pending": [],
          "skipped": [],
          "duration": 26558,
          "root": false,
          "rootEmpty": false,
          "_timeout": 2000
        }
      ],
      "passes": [],
      "failures": [],
      "pending": [],
      "skipped": [],
      "duration": 0,
      "root": true,
      "rootEmpty": true,
      "_timeout": 2000
    }
  ],
  "meta": {
    "mocha": {
      "version": "7.2.0"
    },
    "mochawesome": {
      "options": {
        "quiet": false,
        "reportFilename": "mochawesome",
        "saveHtml": false,
        "saveJson": true,
        "consoleReporter": "spec",
        "useInlineDiffs": false,
        "code": true
      },
      "version": "7.1.3"
    },
    "marge": {
      "options": {
        "overwrite": false,
        "html": false,
        "json": true
      },
      "version": "6.2.0"
    }
  }
}