{
  "stats": {
    "suites": 1,
    "tests": 1,
    "passes": 1,
    "pending": 0,
    "failures": 0,
    "start": "2025-05-12T11:39:54.871Z",
    "end": "2025-05-12T11:42:59.698Z",
    "duration": 184827,
    "testsRegistered": 1,
    "passPercent": 100,
    "pendingPercent": 0,
    "other": 0,
    "hasOther": false,
    "skipped": 0,
    "hasSkipped": false
  },
  "results": [
    {
      "uuid": "cf746a8b-52d0-4567-b525-fe1ff1072310",
      "title": "",
      "fullFile": "cypress\\e2e\\testCases\\register.cy.js",
      "file": "cypress\\e2e\\testCases\\register.cy.js",
      "beforeHooks": [],
      "afterHooks": [],
      "tests": [],
      "suites": [
        {
          "uuid": "6ccbbb50-f2d6-4b18-bf4f-84ae2720cada",
          "title": "Register Tests",
          "fullFile": "",
          "file": "",
          "beforeHooks": [],
          "afterHooks": [],
          "tests": [
            {
              "title": "Scenario No. 1.3 >> Register (Become a Mentor with Valid Information",
              "fullTitle": "Register Tests Scenario No. 1.3 >> Register (Become a Mentor with Valid Information",
              "timedOut": null,
              "duration": 164082,
              "state": "passed",
              "speed": "slow",
              "pass": true,
              "fail": false,
              "pending": false,
              "context": null,
              "code": "keywordRegister.clickBecomeMentorButton();\nkeywordRegister.clickApplyAsMentorButton();\nkeywordRegister.clickRegisterByEmailButton();\nkeywordRegister.verifyGeneralInformationPage();\nkeywordRegister.fillFullName(faker.person.fullName());\nkeywordRegister.fillEmail(faker.internet.email());\nkeywordRegister.fillPhoneNumber('62111111111111');\nkeywordRegister.fillLinkedinUrl('https://www.linkedin.com/in/0/');\nkeywordRegister.fillIgUrl('https://www.instagram.com/a/');\nkeywordRegister.fillInvitationCode('ABCDEFGH');\nkeywordRegister.clickNextButton();\nkeywordRegister.verifyExpertisePage();\nkeywordRegister.fillOutExpertise();\nkeywordRegister.clickNextButton();\nkeywordRegister.verifyCareerExperiencePage();\nkeywordRegister.fillOutCareerExperiences();\nkeywordRegister.clickNextButton();\nkeywordRegister.verifyAcademicsExperiencePage();\nkeywordRegister.fillOutAcademicExperiences();\nkeywordRegister.clickNextButton();\nkeywordRegister.verifyAndFillOutBio();\nkeywordRegister.clickNextButton();\nkeywordRegister.checkListTnC();\nkeywordRegister.createPassword();\nkeywordRegister.verifySuccessfulRegisterAsMentor();",
              "err": {},
              "uuid": "73403cca-d692-4532-abea-31ea043580cd",
              "parentUUID": "6ccbbb50-f2d6-4b18-bf4f-84ae2720cada",
              "isHook": false,
              "skipped": false
            }
          ],
          "suites": [],
          "passes": [
            "73403cca-d692-4532-abea-31ea043580cd"
          ],
          "failures": [],
          "pending": [],
          "skipped": [],
          "duration": 164082,
          "root": false,
          "rootEmpty": false,
          "_timeout": 2000
        }
      ],
      "passes": [],
      "failures": [],
      "pending": [],
      "skipped": [],
      "duration": 0,
      "root": true,
      "rootEmpty": true,
      "_timeout": 2000
    }
  ],
  "meta": {
    "mocha": {
      "version": "7.2.0"
    },
    "mochawesome": {
      "options": {
        "quiet": false,
        "reportFilename": "mochawesome",
        "saveHtml": false,
        "saveJson": true,
        "consoleReporter": "spec",
        "useInlineDiffs": false,
        "code": true
      },
      "version": "7.1.3"
    },
    "marge": {
      "options": {
        "overwrite": false,
        "html": false,
        "json": true
      },
      "version": "6.2.0"
    }
  }
}