{
  "stats": {
    "suites": 1,
    "tests": 1,
    "passes": 1,
    "pending": 0,
    "failures": 0,
    "start": "2025-05-12T11:37:07.999Z",
    "end": "2025-05-12T11:37:30.446Z",
    "duration": 22447,
    "testsRegistered": 1,
    "passPercent": 100,
    "pendingPercent": 0,
    "other": 0,
    "hasOther": false,
    "skipped": 0,
    "hasSkipped": false
  },
  "results": [
    {
      "uuid": "11cb0037-b5a8-4710-801a-e214f50c0dcd",
      "title": "",
      "fullFile": "cypress\\e2e\\testCases\\explore.cy.js",
      "file": "cypress\\e2e\\testCases\\explore.cy.js",
      "beforeHooks": [],
      "afterHooks": [],
      "tests": [],
      "suites": [
        {
          "uuid": "f827fc38-1aaa-4c70-81b2-80fab9d5ea30",
          "title": "Explore Tests",
          "fullFile": "",
          "file": "",
          "beforeHooks": [],
          "afterHooks": [],
          "tests": [
            {
              "title": "Scenario No. 3.1 >> Searching with a Valid Name/Company/Role/Industry/University/Major/Topic Keyword and Returning Results.",
              "fullTitle": "Explore Tests Scenario No. 3.1 >> Searching with a Valid Name/Company/Role/Industry/University/Major/Topic Keyword and Returning Results.",
              "timedOut": null,
              "duration": 14433,
              "state": "passed",
              "speed": "slow",
              "pass": true,
              "fail": false,
              "pending": false,
              "context": null,
              "code": "keywordExplore.goToExploreTab();\nkeywordExplore.searchOnExploreTab(keywordsearch);\nkeywordExplore.verifySearchResults();",
              "err": {},
              "uuid": "332cc7a8-c339-407a-84a1-50ce514ec741",
              "parentUUID": "f827fc38-1aaa-4c70-81b2-80fab9d5ea30",
              "isHook": false,
              "skipped": false
            }
          ],
          "suites": [],
          "passes": [
            "332cc7a8-c339-407a-84a1-50ce514ec741"
          ],
          "failures": [],
          "pending": [],
          "skipped": [],
          "duration": 14433,
          "root": false,
          "rootEmpty": false,
          "_timeout": 2000
        }
      ],
      "passes": [],
      "failures": [],
      "pending": [],
      "skipped": [],
      "duration": 0,
      "root": true,
      "rootEmpty": true,
      "_timeout": 2000
    }
  ],
  "meta": {
    "mocha": {
      "version": "7.2.0"
    },
    "mochawesome": {
      "options": {
        "quiet": false,
        "reportFilename": "mochawesome",
        "saveHtml": false,
        "saveJson": true,
        "consoleReporter": "spec",
        "useInlineDiffs": false,
        "code": true
      },
      "version": "7.1.3"
    },
    "marge": {
      "options": {
        "overwrite": false,
        "html": false,
        "json": true
      },
      "version": "6.2.0"
    }
  }
}