{
  "stats": {
    "suites": 1,
    "tests": 1,
    "passes": 1,
    "pending": 0,
    "failures": 0,
    "start": "2025-05-12T07:18:54.468Z",
    "end": "2025-05-12T07:19:19.381Z",
    "duration": 24913,
    "testsRegistered": 1,
    "passPercent": 100,
    "pendingPercent": 0,
    "other": 0,
    "hasOther": false,
    "skipped": 0,
    "hasSkipped": false
  },
  "results": [
    {
      "uuid": "b9338792-98f1-4e5c-857e-27b22054422a",
      "title": "",
      "fullFile": "cypress\\e2e\\testCases\\explore.cy.js",
      "file": "cypress\\e2e\\testCases\\explore.cy.js",
      "beforeHooks": [],
      "afterHooks": [],
      "tests": [],
      "suites": [
        {
          "uuid": "659c93a2-0082-431f-ba8f-ab9a989ec0d7",
          "title": "All Explore Tests",
          "fullFile": "",
          "file": "",
          "beforeHooks": [],
          "afterHooks": [],
          "tests": [
            {
              "title": "Scenario No. 3.1 >> Searching with a Valid Name/Company/Role/Industry/University/Major/Topic Keyword and Returning Results.",
              "fullTitle": "All Explore Tests Scenario No. 3.1 >> Searching with a Valid Name/Company/Role/Industry/University/Major/Topic Keyword and Returning Results.",
              "timedOut": null,
              "duration": 15822,
              "state": "passed",
              "speed": "slow",
              "pass": true,
              "fail": false,
              "pending": false,
              "context": null,
              "code": "keywordExplore.goToExploreTab();\nkeywordExplore.searchOnExploreTab(keywordsearch);\nkeywordExplore.verifySearchResults();",
              "err": {},
              "uuid": "3d90460b-a44b-41a1-8e34-a3541db013e4",
              "parentUUID": "659c93a2-0082-431f-ba8f-ab9a989ec0d7",
              "isHook": false,
              "skipped": false
            }
          ],
          "suites": [],
          "passes": [
            "3d90460b-a44b-41a1-8e34-a3541db013e4"
          ],
          "failures": [],
          "pending": [],
          "skipped": [],
          "duration": 15822,
          "root": false,
          "rootEmpty": false,
          "_timeout": 2000
        }
      ],
      "passes": [],
      "failures": [],
      "pending": [],
      "skipped": [],
      "duration": 0,
      "root": true,
      "rootEmpty": true,
      "_timeout": 2000
    }
  ],
  "meta": {
    "mocha": {
      "version": "7.2.0"
    },
    "mochawesome": {
      "options": {
        "quiet": false,
        "reportFilename": "mochawesome",
        "saveHtml": false,
        "saveJson": true,
        "consoleReporter": "spec",
        "useInlineDiffs": false,
        "code": true
      },
      "version": "7.1.3"
    },
    "marge": {
      "options": {
        "overwrite": false,
        "html": false,
        "json": true
      },
      "version": "6.2.0"
    }
  }
}