{
  "stats": {
    "suites": 1,
    "tests": 1,
    "passes": 1,
    "pending": 0,
    "failures": 0,
    "start": "2025-05-12T07:12:48.615Z",
    "end": "2025-05-12T07:13:33.017Z",
    "duration": 44402,
    "testsRegistered": 1,
    "passPercent": 100,
    "pendingPercent": 0,
    "other": 0,
    "hasOther": false,
    "skipped": 0,
    "hasSkipped": false
  },
  "results": [
    {
      "uuid": "f432210f-6bf6-41b6-992d-dcc591fd30d0",
      "title": "",
      "fullFile": "cypress\\e2e\\testCases\\makeSchedule.cy.js",
      "file": "cypress\\e2e\\testCases\\makeSchedule.cy.js",
      "beforeHooks": [],
      "afterHooks": [],
      "tests": [],
      "suites": [
        {
          "uuid": "572303fd-23c1-463d-86b0-fa775f35d4c4",
          "title": "All Make a ASchedule Tests",
          "fullFile": "",
          "file": "",
          "beforeHooks": [],
          "afterHooks": [],
          "tests": [
            {
              "title": "Scenario No. 6.4 >> Requesting a Mentoring Session for Users Who Already Have an Account (Non Mentors)",
              "fullTitle": "All Make a ASchedule Tests Scenario No. 6.4 >> Requesting a Mentoring Session for Users Who Already Have an Account (Non Mentors)",
              "timedOut": null,
              "duration": 31895,
              "state": "passed",
              "speed": "slow",
              "pass": true,
              "fail": false,
              "pending": false,
              "context": null,
              "code": "keywordLogin.loginFirstAccountJobSeeker();",
              "err": {},
              "uuid": "3177e6d5-d365-43f3-8383-e74231ea2a6e",
              "parentUUID": "572303fd-23c1-463d-86b0-fa775f35d4c4",
              "isHook": false,
              "skipped": false
            }
          ],
          "suites": [],
          "passes": [
            "3177e6d5-d365-43f3-8383-e74231ea2a6e"
          ],
          "failures": [],
          "pending": [],
          "skipped": [],
          "duration": 31895,
          "root": false,
          "rootEmpty": false,
          "_timeout": 2000
        }
      ],
      "passes": [],
      "failures": [],
      "pending": [],
      "skipped": [],
      "duration": 0,
      "root": true,
      "rootEmpty": true,
      "_timeout": 2000
    }
  ],
  "meta": {
    "mocha": {
      "version": "7.2.0"
    },
    "mochawesome": {
      "options": {
        "quiet": false,
        "reportFilename": "mochawesome",
        "saveHtml": false,
        "saveJson": true,
        "consoleReporter": "spec",
        "useInlineDiffs": false,
        "code": true
      },
      "version": "7.1.3"
    },
    "marge": {
      "options": {
        "overwrite": false,
        "html": false,
        "json": true
      },
      "version": "6.2.0"
    }
  }
}