{
  "stats": {
    "suites": 1,
    "tests": 1,
    "passes": 1,
    "pending": 0,
    "failures": 0,
    "start": "2025-05-12T11:37:40.727Z",
    "end": "2025-05-12T11:38:27.683Z",
    "duration": 46956,
    "testsRegistered": 1,
    "passPercent": 100,
    "pendingPercent": 0,
    "other": 0,
    "hasOther": false,
    "skipped": 0,
    "hasSkipped": false
  },
  "results": [
    {
      "uuid": "b417a0b1-99e7-4ea2-9bfd-109dc53a62de",
      "title": "",
      "fullFile": "cypress\\e2e\\testCases\\login.cy.js",
      "file": "cypress\\e2e\\testCases\\login.cy.js",
      "beforeHooks": [],
      "afterHooks": [],
      "tests": [],
      "suites": [
        {
          "uuid": "8cd1df25-e9c8-4ec5-8c67-43240c2c24f6",
          "title": "Login Tests",
          "fullFile": "",
          "file": "",
          "beforeHooks": [],
          "afterHooks": [],
          "tests": [
            {
              "title": "Scenario No. 2.2 >> Successful Login with Correct Credentials",
              "fullTitle": "Login Tests Scenario No. 2.2 >> Successful Login with Correct Credentials",
              "timedOut": null,
              "duration": 35129,
              "state": "passed",
              "speed": "slow",
              "pass": true,
              "fail": false,
              "pending": false,
              "context": null,
              "code": "keywordLogin.goToLoginPage();\nkeywordLogin.fillOutEmailLogin('mentordabest@email.com');\nkeywordLogin.fillOutPasswordLogin('Abc12345');\nkeywordLogin.clickSignInButton();\nkeywordLogin.verifySuccessLogin();\nkeywordRegister.verifyBecomeMentorButton();",
              "err": {},
              "uuid": "b3c6f4a3-111f-4e38-a4b1-05ff42815e15",
              "parentUUID": "8cd1df25-e9c8-4ec5-8c67-43240c2c24f6",
              "isHook": false,
              "skipped": false
            }
          ],
          "suites": [],
          "passes": [
            "b3c6f4a3-111f-4e38-a4b1-05ff42815e15"
          ],
          "failures": [],
          "pending": [],
          "skipped": [],
          "duration": 35129,
          "root": false,
          "rootEmpty": false,
          "_timeout": 2000
        }
      ],
      "passes": [],
      "failures": [],
      "pending": [],
      "skipped": [],
      "duration": 0,
      "root": true,
      "rootEmpty": true,
      "_timeout": 2000
    }
  ],
  "meta": {
    "mocha": {
      "version": "7.2.0"
    },
    "mochawesome": {
      "options": {
        "quiet": false,
        "reportFilename": "mochawesome",
        "saveHtml": false,
        "saveJson": true,
        "consoleReporter": "spec",
        "useInlineDiffs": false,
        "code": true
      },
      "version": "7.1.3"
    },
    "marge": {
      "options": {
        "overwrite": false,
        "html": false,
        "json": true
      },
      "version": "6.2.0"
    }
  }
}