{
  "stats": {
    "suites": 1,
    "tests": 1,
    "passes": 0,
    "pending": 0,
    "failures": 1,
    "start": "2025-05-12T07:11:39.126Z",
    "end": "2025-05-12T07:12:34.127Z",
    "duration": 55001,
    "testsRegistered": 1,
    "passPercent": 0,
    "pendingPercent": 0,
    "other": 0,
    "hasOther": false,
    "skipped": 0,
    "hasSkipped": false
  },
  "results": [
    {
      "uuid": "8f9d235b-827d-4cc6-8f5b-4720e3a74936",
      "title": "",
      "fullFile": "cypress\\e2e\\testCases\\login.cy.js",
      "file": "cypress\\e2e\\testCases\\login.cy.js",
      "beforeHooks": [],
      "afterHooks": [],
      "tests": [],
      "suites": [
        {
          "uuid": "517e65c5-b89c-434a-8e9e-e5a8253bceb0",
          "title": "All Login Tests",
          "fullFile": "",
          "file": "",
          "beforeHooks": [],
          "afterHooks": [],
          "tests": [
            {
              "title": "Scenario No. 2.2 >> Successful Login with Correct Credentials",
              "fullTitle": "All Login Tests Scenario No. 2.2 >> Successful Login with Correct Credentials",
              "timedOut": null,
              "duration": 43995,
              "state": "failed",
              "speed": null,
              "pass": false,
              "fail": true,
              "pending": false,
              "context": "{\n  \"title\": \"cypress-mochawesome-reporter-screenshots\",\n  \"value\": [\n    [\n      \"\\\\testCases\\\\login.cy.js\\\\All Login Tests -- Scenario No. 2.2  Successful Login with Correct Credentials (failed).png\"\n    ]\n  ]\n}",
              "code": "keywordLogin.goToLoginPage();\nkeywordLogin.fillOutEmailLogin('mentordabest@email.com');\nkeywordLogin.fillOutPasswordLogin('Abc12345');\nkeywordLogin.clickSignInButton();\nkeywordLogin.verifySuccessLogin();\nkeywordRegister.verifyBecomeMentorButton();",
              "err": {
                "message": "AssertionError: Timed out retrying after 3000ms: Expected to find element: `.mr-3`, but never found it.",
                "estack": "AssertionError: Timed out retrying after 3000ms: Expected to find element: `.mr-3`, but never found it.\n    at KeywordLogin.verifySuccessLogin (webpack://dealls-mentoring/./cypress/e2e/keywords/keywordLogin.js:43:45)\n    at Context.eval (webpack://dealls-mentoring/./cypress/e2e/testCases/login.cy.js:18:21)",
                "diff": null
              },
              "uuid": "a3e27867-b2c2-43c4-8e49-3e68ee64d012",
              "parentUUID": "517e65c5-b89c-434a-8e9e-e5a8253bceb0",
              "isHook": false,
              "skipped": false
            }
          ],
          "suites": [],
          "passes": [],
          "failures": [
            "a3e27867-b2c2-43c4-8e49-3e68ee64d012"
          ],
          "pending": [],
          "skipped": [],
          "duration": 43995,
          "root": false,
          "rootEmpty": false,
          "_timeout": 2000
        }
      ],
      "passes": [],
      "failures": [],
      "pending": [],
      "skipped": [],
      "duration": 0,
      "root": true,
      "rootEmpty": true,
      "_timeout": 2000
    }
  ],
  "meta": {
    "mocha": {
      "version": "7.2.0"
    },
    "mochawesome": {
      "options": {
        "quiet": false,
        "reportFilename": "mochawesome",
        "saveHtml": false,
        "saveJson": true,
        "consoleReporter": "spec",
        "useInlineDiffs": false,
        "code": true
      },
      "version": "7.1.3"
    },
    "marge": {
      "options": {
        "overwrite": false,
        "html": false,
        "json": true
      },
      "version": "6.2.0"
    }
  }
}